app/build/intermediates/manifest_merge_blame_file/developmentDebug/manifest-merger-blame-development-debug-report.txt
1<?xml version="1.0" encoding="utf-8"?>
2<manifest xmlns:android="http://schemas.android.com/apk/res/android"
3    package="com.tatayab.tatayab.dev"
4    android:versionCode="724"
5    android:versionName="15.1" >
6
7    <uses-sdk
8        android:minSdkVersion="26"
8-->src\main\AndroidManifest.xml
9        android:targetSdkVersion="33" />
9-->src\main\AndroidManifest.xml
10
11    <uses-permission android:name="android.permission.ACCESS_COARSE_LOCATION" />
11-->src\main\AndroidManifest.xml:6:5-81
11-->src\main\AndroidManifest.xml:6:22-78
12    <uses-permission android:name="android.permission.ACCESS_NETWORK_STATE" />
12-->src\main\AndroidManifest.xml:7:6-80
12-->src\main\AndroidManifest.xml:7:23-77
13    <uses-permission android:name="android.permission.INTERNET" />
13-->src\main\AndroidManifest.xml:8:5-67
13-->src\main\AndroidManifest.xml:8:22-64
14    <uses-permission android:name="android.permission.READ_EXTERNAL_STORAGE" />
14-->src\main\AndroidManifest.xml:9:5-80
14-->src\main\AndroidManifest.xml:9:22-77
15    <uses-permission android:name="android.permission.ACCESS_FINE_LOCATION" />
15-->src\main\AndroidManifest.xml:10:5-79
15-->src\main\AndroidManifest.xml:10:22-76
16    <uses-permission android:name="android.permission.ACCESS_WIFI_STATE" />
16-->src\main\AndroidManifest.xml:11:5-76
16-->src\main\AndroidManifest.xml:11:22-73
17    <uses-permission android:name="android.permission.CAMERA" />
17-->src\main\AndroidManifest.xml:12:5-65
17-->src\main\AndroidManifest.xml:12:22-62
18    <uses-permission android:name="android.permission.VIBRATE" />
18-->src\main\AndroidManifest.xml:13:5-66
18-->src\main\AndroidManifest.xml:13:22-63
19    <uses-permission android:name="android.permission.WAKE_LOCK" />
19-->src\main\AndroidManifest.xml:14:6-69
19-->src\main\AndroidManifest.xml:14:23-66
20    <uses-permission android:name="android.permission.WRITE_EXTERNAL_STORAGE" />
20-->src\main\AndroidManifest.xml:15:5-81
20-->src\main\AndroidManifest.xml:15:22-78
21    <uses-permission android:name="android.permission.REORDER_TASKS" />
21-->[androidx.fragment:fragment-testing:1.5.4] AndroidManifest.xml:25:5-72
21-->[androidx.fragment:fragment-testing:1.5.4] AndroidManifest.xml:25:22-69
22
23    <queries>
23-->[com.google.firebase:firebase-inappmessaging-display:20.2.0] AndroidManifest.xml:12:5-18:15
24        <intent>
24-->[com.google.firebase:firebase-inappmessaging-display:20.2.0] AndroidManifest.xml:13:9-17:18
25            <action android:name="android.intent.action.VIEW" />
25-->src\main\AndroidManifest.xml:50:17-69
25-->src\main\AndroidManifest.xml:50:25-66
26
27            <data android:scheme="https" />
27-->src\main\AndroidManifest.xml:55:17-57:46
27-->src\main\AndroidManifest.xml:57:21-43
28        </intent>
29    </queries> <!-- Required by older versions of Google Play services to create IID tokens -->
30    <uses-permission android:name="com.google.android.c2dm.permission.RECEIVE" />
30-->[com.google.firebase:firebase-iid:21.1.0] AndroidManifest.xml:26:5-82
30-->[com.google.firebase:firebase-iid:21.1.0] AndroidManifest.xml:26:22-79
31    <uses-permission android:name="android.permission.POST_NOTIFICATIONS" />
31-->[com.google.firebase:firebase-messaging:23.1.0] AndroidManifest.xml:25:5-77
31-->[com.google.firebase:firebase-messaging:23.1.0] AndroidManifest.xml:25:22-74
32    <uses-permission android:name="com.google.android.finsky.permission.BIND_GET_INSTALL_REFERRER_SERVICE" />
32-->[com.google.android.gms:play-services-measurement:21.2.0] AndroidManifest.xml:26:5-110
32-->[com.google.android.gms:play-services-measurement:21.2.0] AndroidManifest.xml:26:22-107
33    <uses-permission android:name="com.google.android.gms.permission.AD_ID" />
33-->[com.google.android.gms:play-services-measurement-api:21.2.0] AndroidManifest.xml:25:5-79
33-->[com.google.android.gms:play-services-measurement-api:21.2.0] AndroidManifest.xml:25:22-76
34
35    <uses-feature
35-->[com.google.android.gms:play-services-maps:17.0.0] AndroidManifest.xml:26:5-28:35
36        android:glEsVersion="0x00020000"
36-->[com.google.android.gms:play-services-maps:17.0.0] AndroidManifest.xml:27:9-41
37        android:required="true" />
37-->[com.google.android.gms:play-services-maps:17.0.0] AndroidManifest.xml:28:9-32
38
39    <uses-permission android:name="android.permission.FOREGROUND_SERVICE" /> <!-- <uses-permission android:name="android.permission.MANAGE_EXTERNAL_STORAGE" -->
39-->[androidx.work:work-runtime:2.7.1] AndroidManifest.xml:28:5-77
39-->[androidx.work:work-runtime:2.7.1] AndroidManifest.xml:28:22-74
40    <!-- tools:ignore="ScopedStorage" /> -->
41    <!-- <uses-permission android:name="android.permission.CAMERA" -->
42    <!-- android:required="true" -->
43    <!-- android:requiredFeature="true"/> -->
44    <application
45        android:name="com.tatayab.tatayab.App"
45-->src\main\AndroidManifest.xml:27:9-28
46        android:allowBackup="true"
46-->[com.github.mirrajabi:search-dialog:1.2.4] AndroidManifest.xml:12:9-35
47        android:appComponentFactory="androidx.core.app.CoreComponentFactory"
47-->[androidx.core:core:1.8.0] AndroidManifest.xml:24:18-86
48        android:debuggable="true"
49        android:extractNativeLibs="false"
50        android:icon="@mipmap/ic_launcher"
50-->src\main\AndroidManifest.xml:28:9-43
51        android:label="@string/tatayab_app_name_dev"
51-->src\main\AndroidManifest.xml:29:9-35
52        android:largeHeap="true"
52-->[com.smartlook.recording:app:1.7.0-native] AndroidManifest.xml:22:18-42
53        android:networkSecurityConfig="@xml/network_config"
53-->src\main\AndroidManifest.xml:30:9-60
54        android:roundIcon="@mipmap/ic_launcher_round"
54-->src\main\AndroidManifest.xml:31:9-54
55        android:supportsRtl="true"
55-->src\main\AndroidManifest.xml:32:9-35
56        android:theme="@style/AppTheme" >
56-->src\main\AndroidManifest.xml:33:9-40
57        <activity
57-->src\main\AndroidManifest.xml:36:9-68:20
58            android:name="com.tatayab.tatayab.MainActivity"
58-->src\main\AndroidManifest.xml:37:13-41
59            android:configChanges="keyboard|keyboardHidden|orientation|screenLayout|uiMode|screenSize|smallestScreenSize"
59-->src\main\AndroidManifest.xml:38:13-122
60            android:exported="true"
60-->src\main\AndroidManifest.xml:41:13-36
61            android:screenOrientation="portrait"
61-->src\main\AndroidManifest.xml:39:13-49
62            android:theme="@style/SplashTheme"
62-->src\main\AndroidManifest.xml:40:13-47
63            android:windowSoftInputMode="adjustResize" >
63-->src\main\AndroidManifest.xml:43:13-55
64            <intent-filter android:autoVerify="true" >
64-->src\main\AndroidManifest.xml:44:13-48:29
64-->src\main\AndroidManifest.xml:44:28-53
65                <action android:name="android.intent.action.MAIN" />
65-->src\main\AndroidManifest.xml:45:17-69
65-->src\main\AndroidManifest.xml:45:25-66
66
67                <category android:name="android.intent.category.LAUNCHER" />
67-->src\main\AndroidManifest.xml:47:17-77
67-->src\main\AndroidManifest.xml:47:27-74
68            </intent-filter>
69            <intent-filter android:autoVerify="true" >
69-->src\main\AndroidManifest.xml:49:13-63:29
69-->src\main\AndroidManifest.xml:49:28-53
70                <action android:name="android.intent.action.VIEW" />
70-->src\main\AndroidManifest.xml:50:17-69
70-->src\main\AndroidManifest.xml:50:25-66
71
72                <category android:name="android.intent.category.DEFAULT" />
72-->src\main\AndroidManifest.xml:52:17-76
72-->src\main\AndroidManifest.xml:52:27-73
73                <category android:name="android.intent.category.BROWSABLE" />
73-->src\main\AndroidManifest.xml:53:17-78
73-->src\main\AndroidManifest.xml:53:27-75
74
75                <data
75-->src\main\AndroidManifest.xml:55:17-57:46
76                    android:host="tatayab.page.link"
76-->src\main\AndroidManifest.xml:56:21-53
77                    android:scheme="https" />
77-->src\main\AndroidManifest.xml:57:21-43
78                <data
78-->src\main\AndroidManifest.xml:55:17-57:46
79                    android:host="tatayab.page.link"
79-->src\main\AndroidManifest.xml:56:21-53
80                    android:scheme="http" />
80-->src\main\AndroidManifest.xml:57:21-43
81                <data android:scheme="tatayabdlink" />
81-->src\main\AndroidManifest.xml:55:17-57:46
81-->src\main\AndroidManifest.xml:57:21-43
82            </intent-filter>
83
84            <meta-data
84-->src\main\AndroidManifest.xml:65:13-67:54
85                android:name="android.app.searchable"
85-->src\main\AndroidManifest.xml:66:17-54
86                android:resource="@xml/searchable" />
86-->src\main\AndroidManifest.xml:67:17-51
87        </activity>
88        <activity
88-->src\main\AndroidManifest.xml:71:9-74:15
89            android:name="com.tatayab.tatayab.webview.WebviewActivity"
89-->src\main\AndroidManifest.xml:71:19-58
90            android:exported="false" />
90-->src\main\AndroidManifest.xml:72:13-37
91        <activity
91-->src\main\AndroidManifest.xml:75:9-78:15
92            android:name="com.tatayab.tatayab.refer.ReferFriendSuccessActivity"
92-->src\main\AndroidManifest.xml:75:19-67
93            android:exported="false" />
93-->src\main\AndroidManifest.xml:76:13-37
94        <activity
94-->src\main\AndroidManifest.xml:79:9-84:15
95            android:name="com.tatayab.tatayab.addresses.ChooseCityActivity"
95-->src\main\AndroidManifest.xml:80:13-57
96            android:exported="false"
96-->src\main\AndroidManifest.xml:82:13-37
97            android:screenOrientation="portrait" />
97-->src\main\AndroidManifest.xml:81:13-49
98        <activity
98-->src\main\AndroidManifest.xml:85:9-90:15
99            android:name="com.tatayab.tatayab.productdetails.ChooseOptionActivity"
99-->src\main\AndroidManifest.xml:86:13-64
100            android:exported="false"
100-->src\main\AndroidManifest.xml:88:13-37
101            android:screenOrientation="portrait" />
101-->src\main\AndroidManifest.xml:87:13-49
102        <activity
102-->src\main\AndroidManifest.xml:91:9-96:15
103            android:name="com.tatayab.tatayab.main.cart.SharedCartActivity"
103-->src\main\AndroidManifest.xml:92:13-57
104            android:exported="false"
104-->src\main\AndroidManifest.xml:94:13-37
105            android:screenOrientation="portrait" />
105-->src\main\AndroidManifest.xml:93:13-49
106        <activity
106-->src\main\AndroidManifest.xml:97:9-103:15
107            android:name="com.tatayab.tatayab.errorHandling.ErrorHandlingAct"
107-->src\main\AndroidManifest.xml:98:13-59
108            android:exported="false"
108-->src\main\AndroidManifest.xml:101:13-37
109            android:theme="@android:style/Theme.Translucent.NoTitleBar"
109-->src\main\AndroidManifest.xml:99:13-72
110            android:windowSoftInputMode="stateHidden|adjustResize" />
110-->src\main\AndroidManifest.xml:100:13-67
111        <activity
111-->src\main\AndroidManifest.xml:104:9-109:15
112            android:name="com.tatayab.tatayab.developerSettings.DeveoperSettingsActivity"
112-->src\main\AndroidManifest.xml:105:13-71
113            android:exported="false"
113-->src\main\AndroidManifest.xml:107:13-37
114            android:screenOrientation="portrait" />
114-->src\main\AndroidManifest.xml:106:13-49
115        <activity
115-->src\main\AndroidManifest.xml:110:9-152:20
116            android:name="com.tatayab.tatayab.deeplink.DeepLinkActivity"
116-->src\main\AndroidManifest.xml:111:13-54
117            android:configChanges="keyboard|keyboardHidden|orientation|screenLayout|uiMode|screenSize|smallestScreenSize"
117-->src\main\AndroidManifest.xml:112:13-122
118            android:exported="true"
118-->src\main\AndroidManifest.xml:115:13-36
119            android:screenOrientation="portrait"
119-->src\main\AndroidManifest.xml:113:13-49
120            android:theme="@style/SplashTheme" >
120-->src\main\AndroidManifest.xml:114:13-47
121            <intent-filter android:autoVerify="true" >
121-->src\main\AndroidManifest.xml:118:13-140:29
121-->src\main\AndroidManifest.xml:118:28-53
122                <action android:name="android.intent.action.VIEW" />
122-->src\main\AndroidManifest.xml:50:17-69
122-->src\main\AndroidManifest.xml:50:25-66
123
124                <category android:name="android.intent.category.DEFAULT" />
124-->src\main\AndroidManifest.xml:52:17-76
124-->src\main\AndroidManifest.xml:52:27-73
125                <category android:name="android.intent.category.BROWSABLE" />
125-->src\main\AndroidManifest.xml:53:17-78
125-->src\main\AndroidManifest.xml:53:27-75
126
127                <data
127-->src\main\AndroidManifest.xml:55:17-57:46
128                    android:host="7fg8.adj.st"
128-->src\main\AndroidManifest.xml:56:21-53
129                    android:scheme="http" />
129-->src\main\AndroidManifest.xml:57:21-43
130                <data
130-->src\main\AndroidManifest.xml:55:17-57:46
131                    android:host="7fg8.adj.st"
131-->src\main\AndroidManifest.xml:56:21-53
132                    android:scheme="https" />
132-->src\main\AndroidManifest.xml:57:21-43
133                <data android:host="tatayab.com" />
133-->src\main\AndroidManifest.xml:55:17-57:46
133-->src\main\AndroidManifest.xml:56:21-53
134                <data
134-->src\main\AndroidManifest.xml:55:17-57:46
135                    android:host="tatayab.com"
135-->src\main\AndroidManifest.xml:56:21-53
136                    android:scheme="http" />
136-->src\main\AndroidManifest.xml:57:21-43
137                <data
137-->src\main\AndroidManifest.xml:55:17-57:46
138                    android:host="tatayab.com"
138-->src\main\AndroidManifest.xml:56:21-53
139                    android:scheme="https" />
139-->src\main\AndroidManifest.xml:57:21-43
140                <!-- <data -->
141                <!-- android:host="tatayab.page.link" -->
142                <!-- android:scheme="https" /> -->
143            </intent-filter>
144            <!-- <intent-filter> -->
145            <!-- <action android:name="android.intent.action.VIEW" /> -->
146
147
148            <!-- <category android:name="android.intent.category.DEFAULT" /> -->
149            <!-- <category android:name="android.intent.category.BROWSABLE" /> -->
150
151
152            <!-- <data android:scheme="tatayabdlink" -->
153            <!-- /> -->
154            <!-- </intent-filter> -->
155        </activity>
156        <activity
156-->src\main\AndroidManifest.xml:153:9-160:15
157            android:name="com.tatayab.tatayab.auth.LoginActivity"
157-->src\main\AndroidManifest.xml:154:13-47
158            android:exported="false"
158-->src\main\AndroidManifest.xml:158:13-37
159            android:screenOrientation="portrait"
159-->src\main\AndroidManifest.xml:155:13-49
160            android:theme="@style/NoActionBarMaterialTheme"
160-->src\main\AndroidManifest.xml:156:13-60
161            android:windowSoftInputMode="adjustResize|stateHidden" />
161-->src\main\AndroidManifest.xml:157:13-67
162        <activity
162-->src\main\AndroidManifest.xml:161:9-168:15
163            android:name="com.tatayab.tatayab.auth.LoginOptionActivity"
163-->src\main\AndroidManifest.xml:162:13-53
164            android:exported="false"
164-->src\main\AndroidManifest.xml:166:13-37
165            android:screenOrientation="portrait"
165-->src\main\AndroidManifest.xml:163:13-49
166            android:theme="@style/NoActionBarMaterialTheme"
166-->src\main\AndroidManifest.xml:164:13-60
167            android:windowSoftInputMode="adjustResize|stateHidden" />
167-->src\main\AndroidManifest.xml:165:13-67
168        <activity
168-->src\main\AndroidManifest.xml:169:9-177:15
169            android:name="com.tatayab.tatayab.livechat.LiveChatActivity"
169-->src\main\AndroidManifest.xml:170:13-54
170            android:configChanges="keyboard|keyboardHidden|orientation|screenLayout|uiMode|screenSize|smallestScreenSize"
170-->src\main\AndroidManifest.xml:171:13-122
171            android:exported="false"
171-->src\main\AndroidManifest.xml:175:13-37
172            android:screenOrientation="portrait"
172-->src\main\AndroidManifest.xml:172:13-49
173            android:theme="@style/NoActionBarMaterialTheme"
173-->src\main\AndroidManifest.xml:173:13-60
174            android:windowSoftInputMode="adjustResize" />
174-->src\main\AndroidManifest.xml:174:13-55
175
176        <service
176-->src\main\AndroidManifest.xml:179:9-186:19
177            android:name="com.tatayab.tatayab.firebase.NotificationMessagingService"
177-->src\main\AndroidManifest.xml:180:13-66
178            android:exported="false" >
178-->src\main\AndroidManifest.xml:181:13-37
179            <intent-filter>
179-->src\main\AndroidManifest.xml:183:13-185:29
180                <action android:name="com.google.firebase.MESSAGING_EVENT" />
180-->src\main\AndroidManifest.xml:184:17-78
180-->src\main\AndroidManifest.xml:184:25-75
181            </intent-filter>
182        </service>
183        <!--
184 Set custom default icon. This is used when no icon is set for incoming notification messages.
185        See README(https://goo.gl/l4GJaQ) for more.
186        -->
187        <meta-data
187-->src\main\AndroidManifest.xml:191:9-193:65
188            android:name="com.google.firebase.messaging.default_notification_icon"
188-->src\main\AndroidManifest.xml:192:13-83
189            android:resource="@drawable/ic_stat_notification" />
189-->src\main\AndroidManifest.xml:193:13-62
190        <!--
191 Set color used with incoming notification messages. This is used when no color is set for the incoming
192             notification message. See README(https://goo.gl/6BKBk7) for more.
193        -->
194        <meta-data
194-->src\main\AndroidManifest.xml:198:9-200:54
195            android:name="com.google.firebase.messaging.default_notification_color"
195-->src\main\AndroidManifest.xml:199:13-84
196            android:resource="@color/colorPrimary" />
196-->src\main\AndroidManifest.xml:200:13-51
197        <meta-data
197-->src\main\AndroidManifest.xml:201:9-203:71
198            android:name="com.google.firebase.messaging.default_notification_channel_id"
198-->src\main\AndroidManifest.xml:202:13-89
199            android:value="@string/default_notification_channel_id" />
199-->src\main\AndroidManifest.xml:203:13-68
200
201        <receiver
201-->src\main\AndroidManifest.xml:205:9-213:20
202            android:name="com.adjust.sdk.AdjustReferrerReceiver"
202-->src\main\AndroidManifest.xml:206:13-65
203            android:exported="true"
203-->src\main\AndroidManifest.xml:207:13-36
204            android:permission="android.permission.INSTALL_PACKAGES" >
204-->src\main\AndroidManifest.xml:209:13-69
205            <intent-filter>
205-->src\main\AndroidManifest.xml:210:13-212:29
206                <action android:name="com.android.vending.INSTALL_REFERRER" />
206-->src\main\AndroidManifest.xml:211:17-79
206-->src\main\AndroidManifest.xml:211:25-76
207            </intent-filter>
208        </receiver>
209
210        <meta-data
210-->src\main\AndroidManifest.xml:215:9-217:55
211            android:name="com.facebook.sdk.ApplicationId"
211-->src\main\AndroidManifest.xml:216:13-58
212            android:value="@string/facebook_app_id" />
212-->src\main\AndroidManifest.xml:217:13-52
213        <meta-data
213-->src\main\AndroidManifest.xml:218:9-220:104
214            android:name="com.google.android.login.dev"
214-->src\main\AndroidManifest.xml:219:13-56
215            android:value="398227463517-jcbrnik7v11r22j44if025trapk8lu5o.apps.googleusercontent.com" />
215-->src\main\AndroidManifest.xml:220:13-101
216        <meta-data
216-->src\main\AndroidManifest.xml:221:9-223:104
217            android:name="com.google.android.login.release"
217-->src\main\AndroidManifest.xml:222:13-60
218            android:value="398227463517-iaeud37nmtn5ictoreu0eb6tkmfh1a1m.apps.googleusercontent.com" />
218-->src\main\AndroidManifest.xml:223:13-101
219
220        <activity
220-->src\main\AndroidManifest.xml:225:9-231:15
221            android:name="com.facebook.FacebookActivity"
221-->src\main\AndroidManifest.xml:226:13-57
222            android:configChanges="keyboard|keyboardHidden|screenLayout|screenSize|orientation"
222-->src\main\AndroidManifest.xml:227:13-96
223            android:exported="true"
223-->src\main\AndroidManifest.xml:229:13-36
224            android:label="@string/app_name"
224-->src\main\AndroidManifest.xml:228:13-45
225            android:theme="@style/com_facebook_activity_theme" />
225-->[com.facebook.android:facebook-common:7.1.0] AndroidManifest.xml:33:13-63
226        <activity
226-->src\main\AndroidManifest.xml:232:9-245:20
227            android:name="com.facebook.CustomTabActivity"
227-->src\main\AndroidManifest.xml:233:13-58
228            android:exported="true" >
228-->src\main\AndroidManifest.xml:234:13-36
229            <intent-filter>
229-->src\main\AndroidManifest.xml:237:13-244:29
230                <action android:name="android.intent.action.VIEW" />
230-->src\main\AndroidManifest.xml:50:17-69
230-->src\main\AndroidManifest.xml:50:25-66
231
232                <category android:name="android.intent.category.DEFAULT" />
232-->src\main\AndroidManifest.xml:52:17-76
232-->src\main\AndroidManifest.xml:52:27-73
233                <category android:name="android.intent.category.BROWSABLE" />
233-->src\main\AndroidManifest.xml:53:17-78
233-->src\main\AndroidManifest.xml:53:27-75
234
235                <data android:scheme="fb2459794954232593" />
235-->src\main\AndroidManifest.xml:55:17-57:46
235-->src\main\AndroidManifest.xml:57:21-43
236            </intent-filter>
237            <intent-filter>
237-->[com.facebook.android:facebook-common:7.1.0] AndroidManifest.xml:39:13-48:29
238                <action android:name="android.intent.action.VIEW" />
238-->src\main\AndroidManifest.xml:50:17-69
238-->src\main\AndroidManifest.xml:50:25-66
239
240                <category android:name="android.intent.category.DEFAULT" />
240-->src\main\AndroidManifest.xml:52:17-76
240-->src\main\AndroidManifest.xml:52:27-73
241                <category android:name="android.intent.category.BROWSABLE" />
241-->src\main\AndroidManifest.xml:53:17-78
241-->src\main\AndroidManifest.xml:53:27-75
242
243                <data
243-->src\main\AndroidManifest.xml:55:17-57:46
244                    android:host="cct.com.tatayab.tatayab.dev"
244-->src\main\AndroidManifest.xml:56:21-53
245                    android:scheme="fbconnect" />
245-->src\main\AndroidManifest.xml:57:21-43
246            </intent-filter>
247        </activity>
248
249        <provider
249-->[com.amitshekhar.android:debug-db:1.0.6] AndroidManifest.xml:12:9-16:40
250            android:name="com.amitshekhar.debug.DebugDBInitProvider"
250-->[com.amitshekhar.android:debug-db:1.0.6] AndroidManifest.xml:13:13-69
251            android:authorities="com.tatayab.tatayab.dev.DebugDBInitProvider"
251-->[com.amitshekhar.android:debug-db:1.0.6] AndroidManifest.xml:14:13-71
252            android:enabled="true"
252-->[com.amitshekhar.android:debug-db:1.0.6] AndroidManifest.xml:15:13-35
253            android:exported="false" />
253-->[com.amitshekhar.android:debug-db:1.0.6] AndroidManifest.xml:16:13-37
254
255        <activity
255-->[androidx.fragment:fragment-testing:1.5.4] AndroidManifest.xml:28:9-37:20
256            android:name="androidx.fragment.app.testing.FragmentScenario$EmptyFragmentActivity"
256-->[androidx.fragment:fragment-testing:1.5.4] AndroidManifest.xml:29:13-96
257            android:exported="true"
257-->[androidx.fragment:fragment-testing:1.5.4] AndroidManifest.xml:30:13-36
258            android:multiprocess="true"
258-->[androidx.fragment:fragment-testing:1.5.4] AndroidManifest.xml:31:13-40
259            android:taskAffinity=""
259-->[androidx.fragment:fragment-testing:1.5.4] AndroidManifest.xml:32:13-36
260            android:theme="@style/FragmentScenarioEmptyFragmentActivityTheme" >
260-->[androidx.fragment:fragment-testing:1.5.4] AndroidManifest.xml:33:13-78
261            <intent-filter>
261-->[androidx.fragment:fragment-testing:1.5.4] AndroidManifest.xml:34:13-36:29
262                <action android:name="android.intent.action.MAIN" />
262-->src\main\AndroidManifest.xml:45:17-69
262-->src\main\AndroidManifest.xml:45:25-66
263            </intent-filter>
264        </activity>
265
266        <provider
266-->[com.readystatesoftware.chuck:library:1.1.0] AndroidManifest.xml:23:9-26:40
267            android:name="com.readystatesoftware.chuck.internal.data.ChuckContentProvider"
267-->[com.readystatesoftware.chuck:library:1.1.0] AndroidManifest.xml:24:13-91
268            android:authorities="com.tatayab.tatayab.dev.chuck.provider"
268-->[com.readystatesoftware.chuck:library:1.1.0] AndroidManifest.xml:25:13-66
269            android:exported="false" />
269-->[com.readystatesoftware.chuck:library:1.1.0] AndroidManifest.xml:26:13-37
270
271        <activity
271-->[com.readystatesoftware.chuck:library:1.1.0] AndroidManifest.xml:28:9-33:50
272            android:name="com.readystatesoftware.chuck.internal.ui.MainActivity"
272-->[com.readystatesoftware.chuck:library:1.1.0] AndroidManifest.xml:29:13-81
273            android:label="@string/chuck_name"
273-->[com.readystatesoftware.chuck:library:1.1.0] AndroidManifest.xml:30:13-47
274            android:launchMode="singleTask"
274-->[com.readystatesoftware.chuck:library:1.1.0] AndroidManifest.xml:31:13-44
275            android:taskAffinity="com.readystatesoftware.chuck.task"
275-->[com.readystatesoftware.chuck:library:1.1.0] AndroidManifest.xml:32:13-69
276            android:theme="@style/Chuck.Theme" />
276-->[com.readystatesoftware.chuck:library:1.1.0] AndroidManifest.xml:33:13-47
277        <activity
277-->[com.readystatesoftware.chuck:library:1.1.0] AndroidManifest.xml:34:9-37:50
278            android:name="com.readystatesoftware.chuck.internal.ui.TransactionActivity"
278-->[com.readystatesoftware.chuck:library:1.1.0] AndroidManifest.xml:35:13-88
279            android:parentActivityName="com.readystatesoftware.chuck.internal.ui.MainActivity"
279-->[com.readystatesoftware.chuck:library:1.1.0] AndroidManifest.xml:36:13-95
280            android:theme="@style/Chuck.Theme" />
280-->[com.readystatesoftware.chuck:library:1.1.0] AndroidManifest.xml:37:13-47
281
282        <service
282-->[com.readystatesoftware.chuck:library:1.1.0] AndroidManifest.xml:39:9-41:40
283            android:name="com.readystatesoftware.chuck.internal.support.ClearTransactionsService"
283-->[com.readystatesoftware.chuck:library:1.1.0] AndroidManifest.xml:40:13-98
284            android:exported="false" />
284-->[com.readystatesoftware.chuck:library:1.1.0] AndroidManifest.xml:41:13-37
285
286        <receiver
286-->[com.smartlook.recording:app:1.7.0-native] AndroidManifest.xml:23:9-29:20
287            android:name="com.smartlook.sdk.smartlook.analytics.receiver.ReferrerReceiver"
287-->[com.smartlook.recording:app:1.7.0-native] AndroidManifest.xml:24:13-91
288            android:exported="true" >
288-->[com.smartlook.recording:app:1.7.0-native] AndroidManifest.xml:25:13-36
289            <intent-filter>
289-->src\main\AndroidManifest.xml:210:13-212:29
290                <action android:name="com.android.vending.INSTALL_REFERRER" />
290-->src\main\AndroidManifest.xml:211:17-79
290-->src\main\AndroidManifest.xml:211:25-76
291            </intent-filter>
292        </receiver>
293
294        <service
294-->[com.google.firebase:firebase-database-ktx:20.1.0] AndroidManifest.xml:11:9-17:19
295            android:name="com.google.firebase.components.ComponentDiscoveryService"
295-->[com.google.firebase:firebase-database-ktx:20.1.0] AndroidManifest.xml:12:13-84
296            android:directBootAware="true"
296-->[com.google.firebase:firebase-common:20.2.0] AndroidManifest.xml:34:13-43
297            android:exported="false" >
297-->[com.google.firebase:firebase-database-ktx:20.1.0] AndroidManifest.xml:13:13-37
298            <meta-data
298-->[com.google.firebase:firebase-database-ktx:20.1.0] AndroidManifest.xml:14:13-16:85
299                android:name="com.google.firebase.components:com.google.firebase.database.ktx.FirebaseDatabaseKtxRegistrar"
299-->[com.google.firebase:firebase-database-ktx:20.1.0] AndroidManifest.xml:15:17-124
300                android:value="com.google.firebase.components.ComponentRegistrar" />
300-->[com.google.firebase:firebase-database-ktx:20.1.0] AndroidManifest.xml:16:17-82
301            <meta-data
301-->[com.google.firebase:firebase-dynamic-links-ktx:19.1.1] AndroidManifest.xml:28:13-30:85
302                android:name="com.google.firebase.components:com.google.firebase.dynamiclinks.ktx.FirebaseDynamicLinksKtxRegistrar"
302-->[com.google.firebase:firebase-dynamic-links-ktx:19.1.1] AndroidManifest.xml:29:17-132
303                android:value="com.google.firebase.components.ComponentRegistrar" />
303-->[com.google.firebase:firebase-dynamic-links-ktx:19.1.1] AndroidManifest.xml:30:17-82
304            <meta-data
304-->[com.google.firebase:firebase-analytics-ktx:18.0.3] AndroidManifest.xml:11:13-13:85
305                android:name="com.google.firebase.components:com.google.firebase.analytics.ktx.FirebaseAnalyticsKtxRegistrar"
305-->[com.google.firebase:firebase-analytics-ktx:18.0.3] AndroidManifest.xml:12:17-126
306                android:value="com.google.firebase.components.ComponentRegistrar" />
306-->[com.google.firebase:firebase-analytics-ktx:18.0.3] AndroidManifest.xml:13:17-82
307            <meta-data
307-->[com.google.firebase:firebase-common-ktx:20.2.0] AndroidManifest.xml:14:13-16:85
308                android:name="com.google.firebase.components:com.google.firebase.ktx.FirebaseCommonKtxRegistrar"
308-->[com.google.firebase:firebase-common-ktx:20.2.0] AndroidManifest.xml:15:17-113
309                android:value="com.google.firebase.components.ComponentRegistrar" />
309-->[com.google.firebase:firebase-common-ktx:20.2.0] AndroidManifest.xml:16:17-82
310            <meta-data